2025-03-10 17:45:05,084 - INFO - Service started...
2025-03-10 17:45:05,088 - INFO - Fetching stock data...
2025-03-10 17:45:05,178 - ERROR - Error in service: No module named 'psycopg2'
2025-03-10 17:45:09,643 - INFO - Service stopping...
2025-03-10 18:45:35,461 - INFO - Service started...
2025-03-10 18:45:35,461 - INFO - Fetching stock data...
2025-03-10 18:45:42,491 - ERROR - Error in service: (psycopg2.OperationalError) could not translate host name "postgres1" to address: Name or service not known

(Background on this error at: https://sqlalche.me/e/20/e3q8)
2025-03-10 18:46:42,491 - INFO - Fetching stock data...
2025-03-10 18:46:49,476 - ERROR - Error in service: (psycopg2.OperationalError) could not translate host name "postgres1" to address: Name or service not known

(Background on this error at: https://sqlalche.me/e/20/e3q8)
2025-03-10 17:47:10,443 - INFO - Service started...
2025-03-10 17:47:10,444 - INFO - Fetching stock data...
2025-03-10 17:47:10,486 - ERROR - Error in service: No module named 'psycopg2'
2025-03-10 18:47:49,478 - INFO - Fetching stock data...
2025-03-10 18:47:56,366 - ERROR - Error in service: (psycopg2.OperationalError) could not translate host name "postgres1" to address: Name or service not known

(Background on this error at: https://sqlalche.me/e/20/e3q8)
2025-03-10 17:48:10,529 - INFO - Fetching stock data...
2025-03-10 17:48:10,547 - ERROR - Error in service: No module named 'psycopg2'
2025-03-10 18:48:56,367 - INFO - Fetching stock data...
2025-03-10 18:49:03,239 - ERROR - Error in service: (psycopg2.OperationalError) could not translate host name "postgres1" to address: Name or service not known

(Background on this error at: https://sqlalche.me/e/20/e3q8)
2025-03-10 17:49:10,614 - INFO - Fetching stock data...
2025-03-10 17:49:10,631 - ERROR - Error in service: No module named 'psycopg2'
2025-03-10 17:50:10,680 - INFO - Fetching stock data...
2025-03-10 17:50:10,713 - ERROR - Error in service: No module named 'psycopg2'
2025-03-10 17:51:10,713 - INFO - Fetching stock data...
2025-03-10 17:51:10,719 - ERROR - Error in service: No module named 'psycopg2'
2025-03-10 17:52:10,775 - INFO - Fetching stock data...
2025-03-10 17:52:10,779 - ERROR - Error in service: No module named 'psycopg2'
2025-03-10 17:53:10,839 - INFO - Fetching stock data...
2025-03-10 17:53:10,888 - ERROR - Error in service: No module named 'psycopg2'
2025-03-10 17:54:10,959 - INFO - Fetching stock data...
2025-03-10 17:54:11,000 - ERROR - Error in service: No module named 'psycopg2'
2025-03-10 17:55:11,072 - INFO - Fetching stock data...
2025-03-10 17:55:11,112 - ERROR - Error in service: No module named 'psycopg2'
2025-03-10 17:56:11,161 - INFO - Fetching stock data...
2025-03-10 17:56:11,163 - ERROR - Error in service: No module named 'psycopg2'
2025-03-10 17:57:11,221 - INFO - Fetching stock data...
2025-03-10 17:57:11,291 - ERROR - Error in service: No module named 'psycopg2'
2025-03-10 17:58:11,351 - INFO - Fetching stock data...
2025-03-10 17:58:11,360 - ERROR - Error in service: No module named 'psycopg2'
2025-03-10 17:59:11,380 - INFO - Fetching stock data...
2025-03-10 17:59:11,382 - ERROR - Error in service: No module named 'psycopg2'
2025-03-10 18:00:11,453 - INFO - Fetching stock data...
2025-03-10 18:00:11,494 - ERROR - Error in service: No module named 'psycopg2'
2025-03-10 18:01:11,567 - INFO - Fetching stock data...
2025-03-10 18:01:11,650 - ERROR - Error in service: No module named 'psycopg2'
2025-03-10 18:02:11,716 - INFO - Fetching stock data...
2025-03-10 18:02:11,775 - ERROR - Error in service: No module named 'psycopg2'
2025-03-10 18:03:11,828 - INFO - Fetching stock data...
2025-03-10 18:03:11,830 - ERROR - Error in service: No module named 'psycopg2'
2025-03-10 18:04:11,898 - INFO - Fetching stock data...
2025-03-10 18:04:11,976 - ERROR - Error in service: No module named 'psycopg2'
2025-03-10 18:05:12,572 - INFO - Fetching stock data...
2025-03-10 18:05:12,692 - ERROR - Error in service: No module named 'psycopg2'
2025-03-10 18:06:15,228 - INFO - Fetching stock data...
2025-03-10 18:06:17,487 - ERROR - Error in service: No module named 'psycopg2'
2025-03-10 18:07:17,552 - INFO - Fetching stock data...
2025-03-10 18:07:17,735 - ERROR - Error in service: No module named 'psycopg2'
2025-03-10 18:08:17,791 - INFO - Fetching stock data...
2025-03-10 18:08:17,792 - ERROR - Error in service: No module named 'psycopg2'
2025-03-10 18:09:23,741 - INFO - Fetching stock data...
2025-03-10 18:09:24,406 - ERROR - Error in service: No module named 'psycopg2'
2025-03-10 18:10:24,736 - INFO - Fetching stock data...
2025-03-10 18:10:24,816 - ERROR - Error in service: No module named 'psycopg2'
2025-03-10 18:11:24,909 - INFO - Fetching stock data...
2025-03-10 18:11:25,012 - ERROR - Error in service: No module named 'psycopg2'
2025-03-10 18:12:25,067 - INFO - Fetching stock data...
2025-03-10 18:12:25,070 - ERROR - Error in service: No module named 'psycopg2'
2025-03-10 18:13:25,138 - INFO - Fetching stock data...
2025-03-10 18:13:25,224 - ERROR - Error in service: No module named 'psycopg2'
2025-03-10 18:14:25,301 - INFO - Fetching stock data...
2025-03-10 18:14:25,382 - ERROR - Error in service: No module named 'psycopg2'
2025-03-10 18:15:25,455 - INFO - Fetching stock data...
2025-03-10 18:15:25,540 - ERROR - Error in service: No module named 'psycopg2'
2025-03-10 18:16:25,667 - INFO - Fetching stock data...
2025-03-10 18:16:26,233 - ERROR - Error in service: No module named 'psycopg2'
2025-03-10 18:17:26,319 - INFO - Fetching stock data...
2025-03-10 18:17:26,521 - ERROR - Error in service: No module named 'psycopg2'
2025-03-10 18:18:26,641 - INFO - Fetching stock data...
2025-03-10 18:18:26,893 - ERROR - Error in service: No module named 'psycopg2'
2025-03-10 18:19:27,067 - INFO - Fetching stock data...
2025-03-10 18:19:27,218 - ERROR - Error in service: No module named 'psycopg2'
2025-03-10 18:20:27,309 - INFO - Fetching stock data...
2025-03-10 18:20:27,454 - ERROR - Error in service: No module named 'psycopg2'
2025-03-10 18:21:19,504 - INFO - Service stopping...
2025-03-10 18:21:27,457 - INFO - Service stopped.
2025-03-10 18:21:27,459 - INFO - Exiting service.
